<?xml version="1.0" encoding="UTF-8"?>
<!-- Generated by org.testng.reporters.JUnitReportReporter -->
<testsuite skipped="0" hostname="DESKTOP-JV6HP8P" name="org.test.testcases.Test_001" tests="1" failures="0" timestamp="21 May 2017 19:35:14 GMT" time="9.925" errors="0">
  <testcase name="TC_01" time="9.925" classname="org.test.testcases.Test_001"/>
</testsuite> <!-- org.test.testcases.Test_001 -->
