<?xml version="1.0" encoding="UTF-8"?>
<!-- Generated by org.testng.reporters.JUnitReportReporter -->
<testsuite skipped="0" hostname="DESKTOP-JV6HP8P" name="org.test.testcases.Test_004" tests="1" failures="0" timestamp="21 May 2017 18:57:34 GMT" time="14.904" errors="0">
  <testcase name="TC_04" time="14.904" classname="org.test.testcases.Test_004"/>
</testsuite> <!-- org.test.testcases.Test_004 -->
